<?xml version="1.0" encoding="UTF-8"?>
<coverage generated="1508539445671" clover="3.2.0">
  <project timestamp="1508539445671" name="All files">
    <metrics statements="10" coveredstatements="9" conditionals="0" coveredconditionals="0" methods="6" coveredmethods="5" elements="16" coveredelements="14" complexity="0" loc="10" ncloc="10" packages="1" files="2" classes="2">
      <file name="BeanCard.jsx" path="/Users/FloweryPao/Documents/nolli-coffee/src/BeanCard.jsx">
        <metrics statements="5" coveredstatements="4" conditionals="0" coveredconditionals="0" methods="1" coveredmethods="0"/>
        <line num="5" count="1" type="stmt"/>
        <line num="14" count="1" type="stmt"/>
        <line num="20" count="1" type="stmt"/>
        <line num="21" count="0" type="stmt"/>
        <line num="31" count="1" type="stmt"/>
      </file>
      <file name="BeanList.jsx" path="/Users/FloweryPao/Documents/nolli-coffee/src/BeanList.jsx">
        <metrics statements="5" coveredstatements="5" conditionals="0" coveredconditionals="0" methods="5" coveredmethods="5"/>
        <line num="11" count="1" type="stmt"/>
        <line num="15" count="4" type="stmt"/>
        <line num="17" count="24" type="stmt"/>
        <line num="23" count="4" type="stmt"/>
        <line num="36" count="21" type="stmt"/>
      </file>
    </metrics>
  </project>
</coverage>
