{"/Users/FloweryPao/Documents/nolli-coffee/src/BeanCard.jsx": {"path":"/Users/FloweryPao/Documents/nolli-coffee/src/BeanCard.jsx","statementMap":{"0":{"start":{"line":5,"column":16},"end":{"line":12,"column":1}},"1":{"start":{"line":14,"column":14},"end":{"line":18,"column":1}},"2":{"start":{"line":20,"column":17},"end":{"line":29,"column":1}},"3":{"start":{"line":21,"column":2},"end":{"line":28,"column":12}},"4":{"start":{"line":31,"column":0},"end":{"line":36,"column":2}}},"fnMap":{"0":{"name":"(anonymous_0)","decl":{"start":{"line":20,"column":17},"end":{"line":20,"column":18}},"loc":{"start":{"line":21,"column":2},"end":{"line":28,"column":12}},"line":21}},"branchMap":{},"s":{"0":1,"1":1,"2":1,"3":0,"4":1},"f":{"0":0},"b":{},"_coverageSchema":"332fd63041d2c1bcb487cc26dd0d5f7d97098a6c","hash":"fcc97db2ca3655af470db85e016b61f8b5fc9501"}
,"/Users/FloweryPao/Documents/nolli-coffee/src/BeanList.jsx": {"path":"/Users/FloweryPao/Documents/nolli-coffee/src/BeanList.jsx","statementMap":{"0":{"start":{"line":11,"column":4},"end":{"line":11,"column":54}},"1":{"start":{"line":15,"column":4},"end":{"line":20,"column":5}},"2":{"start":{"line":17,"column":8},"end":{"line":19,"column":60}},"3":{"start":{"line":23,"column":4},"end":{"line":40,"column":6}},"4":{"start":{"line":36,"column":12},"end":{"line":36,"column":54}}},"fnMap":{"0":{"name":"(anonymous_0)","decl":{"start":{"line":10,"column":27},"end":{"line":10,"column":28}},"loc":{"start":{"line":10,"column":36},"end":{"line":12,"column":3}},"line":10},"1":{"name":"(anonymous_1)","decl":{"start":{"line":14,"column":27},"end":{"line":14,"column":28}},"loc":{"start":{"line":15,"column":4},"end":{"line":20,"column":5}},"line":15},"2":{"name":"(anonymous_2)","decl":{"start":{"line":16,"column":6},"end":{"line":16,"column":7}},"loc":{"start":{"line":17,"column":8},"end":{"line":19,"column":60}},"line":17},"3":{"name":"(anonymous_3)","decl":{"start":{"line":22,"column":2},"end":{"line":22,"column":3}},"loc":{"start":{"line":22,"column":11},"end":{"line":41,"column":3}},"line":22},"4":{"name":"(anonymous_4)","decl":{"start":{"line":35,"column":45},"end":{"line":35,"column":46}},"loc":{"start":{"line":36,"column":12},"end":{"line":36,"column":54}},"line":36}},"branchMap":{},"s":{"0":1,"1":4,"2":24,"3":4,"4":21},"f":{"0":1,"1":4,"2":24,"3":4,"4":21},"b":{},"_coverageSchema":"332fd63041d2c1bcb487cc26dd0d5f7d97098a6c","hash":"9e18f37569cff63d64a69c2b4af521424ebf663e"}
}
