TN:
SF:/Users/FloweryPao/Documents/nolli-coffee/src/BeanCard.jsx
FN:20,(anonymous_0)
FNF:1
FNH:0
FNDA:0,(anonymous_0)
DA:5,1
DA:14,1
DA:20,1
DA:21,0
DA:31,1
LF:5
LH:4
BRF:0
BRH:0
end_of_record
TN:
SF:/Users/FloweryPao/Documents/nolli-coffee/src/BeanList.jsx
FN:10,(anonymous_0)
FN:14,(anonymous_1)
FN:16,(anonymous_2)
FN:22,(anonymous_3)
FN:35,(anonymous_4)
FNF:5
FNH:5
FNDA:1,(anonymous_0)
FNDA:4,(anonymous_1)
FNDA:24,(anonymous_2)
FNDA:4,(anonymous_3)
FNDA:21,(anonymous_4)
DA:11,1
DA:15,4
DA:17,24
DA:23,4
DA:36,21
LF:5
LH:5
BRF:0
BRH:0
end_of_record
